<?xml version="1.0" encoding="UTF-8"?>
<testsuite xmlns:xsi="http://www.w3.org/2001/XMLSchema-instance" xsi:noNamespaceSchemaLocation="https://maven.apache.org/surefire/maven-surefire-plugin/xsd/surefire-test-report-3.0.xsd" version="3.0" name="com.lendinglibrary.controller.AuthControllerTest" time="0.527" tests="3" errors="0" skipped="0" failures="0">
  <properties>
[...]
</properties>
  <testcase name="login_missingEmail_returns400" classname="com.lendinglibrary.controller.AuthControllerTest" time="0.16">
    <system-out><![CDATA[2026-06-14T14:08:47.182Z  INFO 5516 --- [lending-library-api] [           main] t.c.s.AnnotationConfigContextLoaderUtils : Could not detect default configuration classes for test class [com.lendinglibrary.controller.AuthControllerTest]: AuthControllerTest does not declare any static, non-private, non-final, nested classes annotated with @Configuration.
2026-06-14T14:08:47.191Z  INFO 5516 --- [lending-library-api] [           main] .b.t.c.SpringBootTestContextBootstrapper : Found @SpringBootConfiguration com.lendinglibrary.LendingLibraryApplication for test class com.lendinglibrary.controller.AuthControllerTest
  .   ____          _            __ _ _
 /\\ / ___'_ __ _ _(_)_ __  __ _ \ \ \ \
( ( )\___ | '_ | '_| | '_ \/ _` | \ \ \ \
 \\/  ___)| |_)| | | | | || (_| |  ) ) ) )
  '  |____| .__|_| |_|_| |_\__, | / / / /
 =========|_|==============|___/=/_/_/_/

 :: Spring Boot ::                (v3.3.0)

2026-06-14T14:08:47.220Z  INFO 5516 --- [lending-library-api] [           main] c.l.controller.AuthControllerTest        : Starting AuthControllerTest using Java 21.0.10 with PID 5516 (started by root in /home/user/lending-library-react-ts/backend)
2026-06-14T14:08:47.220Z DEBUG 5516 --- [lending-library-api] [           main] c.l.controller.AuthControllerTest        : Running with Spring Boot v3.3.0, Spring v6.1.8
2026-06-14T14:08:47.220Z  INFO 5516 --- [lending-library-api] [           main] c.l.controller.AuthControllerTest        : The following 1 profile is active: "dev"
2026-06-14T14:08:47.490Z  WARN 5516 --- [lending-library-api] [           main] .s.s.UserDetailsServiceAutoConfiguration : 

Using generated security password: 6c5a2036-9805-4be7-a060-dbb54e7ac77b

This generated password is for development use only. Your security configuration must be updated before running your application in production.

2026-06-14T14:08:47.490Z  WARN 5516 --- [lending-library-api] [           main] r$InitializeUserDetailsManagerConfigurer : Found 2 UserDetailsService beans, with names [inMemoryUserDetailsManager, com.lendinglibrary.infrastructure.security.UserDetailsServiceImpl#0]. Global Authentication Manager will not use a UserDetailsService for username/password login. Consider publishing a single UserDetailsService bean.
2026-06-14T14:08:47.498Z  INFO 5516 --- [lending-library-api] [           main] o.s.s.web.DefaultSecurityFilterChain     : Will secure any request with [org.springframework.security.web.session.DisableEncodeUrlFilter@49f9575d, org.springframework.security.web.context.request.async.WebAsyncManagerIntegrationFilter@64d347b0, org.springframework.security.web.context.SecurityContextHolderFilter@88432f5, org.springframework.security.web.header.HeaderWriterFilter@6e0a0baa, org.springframework.web.filter.CorsFilter@24ccb18d, org.springframework.security.web.csrf.CsrfFilter@156542b7, org.springframework.security.web.authentication.logout.LogoutFilter@7000ceae, org.springframework.security.web.authentication.UsernamePasswordAuthenticationFilter@7df7b502, org.springframework.security.web.authentication.ui.DefaultLoginPageGeneratingFilter@33d6bdb7, org.springframework.security.web.authentication.ui.DefaultLogoutPageGeneratingFilter@c1dcdb9, org.springframework.security.web.authentication.www.BasicAuthenticationFilter@b7461ac, org.springframework.security.web.savedrequest.RequestCacheAwareFilter@374ba9a8, org.springframework.security.web.servletapi.SecurityContextHolderAwareRequestFilter@d3fa0e1, org.springframework.security.web.authentication.AnonymousAuthenticationFilter@f5d20d8, org.springframework.security.web.access.ExceptionTranslationFilter@1485c961, org.springframework.security.web.access.intercept.AuthorizationFilter@6f56e5c]
2026-06-14T14:08:47.505Z  INFO 5516 --- [lending-library-api] [           main] o.s.b.t.m.w.SpringBootMockServletContext : Initializing Spring TestDispatcherServlet ''
2026-06-14T14:08:47.505Z  INFO 5516 --- [lending-library-api] [           main] o.s.t.web.servlet.TestDispatcherServlet  : Initializing Servlet ''
2026-06-14T14:08:47.506Z  INFO 5516 --- [lending-library-api] [           main] o.s.t.web.servlet.TestDispatcherServlet  : Completed initialization in 1 ms
2026-06-14T14:08:47.512Z  INFO 5516 --- [lending-library-api] [           main] c.l.controller.AuthControllerTest        : Started AuthControllerTest in 0.318 seconds (process running for 6.238)
]]></system-out>
  </testcase>
  <testcase name="login_validCredentials_returns200" classname="com.lendinglibrary.controller.AuthControllerTest" time="0.02"/>
  <testcase name="login_invalidCredentials_returns401" classname="com.lendinglibrary.controller.AuthControllerTest" time="0.008"/>
</testsuite>